[debug] [2025-04-29T12:11:28.166Z] ----------------------------------------------------------------------
[debug] [2025-04-29T12:11:28.167Z] Command:       /usr/local/bin/node /usr/local/bin/firebase emulators:start --only auth --project nextjs-nestjs-practice
[debug] [2025-04-29T12:11:28.168Z] CLI Version:   13.35.1
[debug] [2025-04-29T12:11:28.168Z] Platform:      linux
[debug] [2025-04-29T12:11:28.168Z] Node Version:  v18.20.8
[debug] [2025-04-29T12:11:28.168Z] Time:          Tue Apr 29 2025 12:11:28 GMT+0000 (Coordinated Universal Time)
[debug] [2025-04-29T12:11:28.168Z] ----------------------------------------------------------------------
[debug] 
[debug] [2025-04-29T12:11:28.170Z] >>> [apiv2][query] GET https://firebase-public.firebaseio.com/cli.json [none]
[debug] [2025-04-29T12:11:28.360Z] > command requires scopes: ["email","openid","https://www.googleapis.com/auth/cloudplatformprojects.readonly","https://www.googleapis.com/auth/firebase","https://www.googleapis.com/auth/cloud-platform"]
[debug] Failed to authenticate, have you run firebase login?
[warn] ⚠  emulators: You are not currently authenticated so some features may not work correctly. Please run firebase login to authenticate the CLI. 
[info] i  emulators: Starting emulators: auth {"metadata":{"emulator":{"name":"hub"},"message":"Starting emulators: auth"}}
[warn] ⚠  hub: Error when trying to check port 4400 on ::1: Error: listen EADDRNOTAVAIL: address not available ::1:4400 {"metadata":{"emulator":{"name":"hub"},"message":"Error when trying to check port 4400 on ::1: Error: listen EADDRNOTAVAIL: address not available ::1:4400"}}
[warn] ⚠  hub: Port 4400 is available on 127.0.0.1 but not ::1. This may cause issues with some clients. {"metadata":{"emulator":{"name":"hub"},"message":"Port 4400 is available on 127.0.0.1 but not ::1. This may cause issues with some clients."}}
[warn] ⚠  hub: If you encounter connectivity issues, consider switching to a different port or explicitly specifying "host": "<ip address>" instead of hostname in firebase.json {"metadata":{"emulator":{"name":"hub"},"message":"If you encounter connectivity issues, consider switching to a different port or explicitly specifying \"host\": \"<ip address>\" instead of hostname in firebase.json"}}
[warn] ⚠  logging: Error when trying to check port 4500 on ::1: Error: listen EADDRNOTAVAIL: address not available ::1:4500 {"metadata":{"emulator":{"name":"logging"},"message":"Error when trying to check port 4500 on ::1: Error: listen EADDRNOTAVAIL: address not available ::1:4500"}}
[warn] ⚠  logging: Port 4500 is available on 127.0.0.1 but not ::1. This may cause issues with some clients. {"metadata":{"emulator":{"name":"logging"},"message":"Port 4500 is available on 127.0.0.1 but not ::1. This may cause issues with some clients."}}
[warn] ⚠  logging: If you encounter connectivity issues, consider switching to a different port or explicitly specifying "host": "<ip address>" instead of hostname in firebase.json {"metadata":{"emulator":{"name":"logging"},"message":"If you encounter connectivity issues, consider switching to a different port or explicitly specifying \"host\": \"<ip address>\" instead of hostname in firebase.json"}}
[debug] [2025-04-29T12:11:28.374Z] assigned listening specs for emulators {"user":{"ui":[{"address":"0.0.0.0","family":"IPv4","port":4000}],"auth":[{"address":"0.0.0.0","family":"IPv4","port":9099}],"hub":[{"address":"127.0.0.1","family":"IPv4","port":4400}],"logging":[{"address":"127.0.0.1","family":"IPv4","port":4500}]},"metadata":{"message":"assigned listening specs for emulators"}}
[debug] [2025-04-29T12:11:28.377Z] [hub] writing locator at /tmp/hub-nextjs-nestjs-practice.json
[info] i  ui: downloading ui-v1.14.0.zip... {"metadata":{"emulator":{"name":"ui"},"message":"downloading ui-v1.14.0.zip..."}}
[debug] [2025-04-29T12:11:33.093Z] >>> [apiv2][query] GET https://storage.googleapis.com/firebase-preview-drop/emulator/ui-v1.14.0.zip 
[debug] [2025-04-29T12:11:33.209Z] <<< [apiv2][status] GET https://storage.googleapis.com/firebase-preview-drop/emulator/ui-v1.14.0.zip 200
[debug] [2025-04-29T12:11:33.209Z] <<< [apiv2][body] GET https://storage.googleapis.com/firebase-preview-drop/emulator/ui-v1.14.0.zip [stream]
[debug] [2025-04-29T12:11:33.541Z] <<< [apiv2][status] GET https://firebase-public.firebaseio.com/cli.json 200
[debug] [2025-04-29T12:11:33.542Z] <<< [apiv2][body] GET https://firebase-public.firebaseio.com/cli.json {"cloudBuildErrorAfter":1594252800000,"cloudBuildWarnAfter":1590019200000,"defaultNode10After":1594252800000,"minVersion":"3.0.5","node8DeploysDisabledAfter":1613390400000,"node8RuntimeDisabledAfter":1615809600000,"node8WarnAfter":1600128000000}
[debug] [2025-04-29T12:11:35.611Z] Data is 3615311
[debug] [2025-04-29T12:11:35.611Z] [unzip] Entry: client/ (compressed_size=0 bytes, uncompressed_size=0 bytes)
[debug] [2025-04-29T12:11:35.611Z] [unzip] Processing entry: client/
[debug] [2025-04-29T12:11:35.611Z] [unzip] mkdir: /root/.cache/firebase/emulators/ui-v1.14.0/client/
[debug] [2025-04-29T12:11:35.612Z] [unzip] Entry: client/favicon-16x16.png (compressed_size=293 bytes, uncompressed_size=293 bytes)
[debug] [2025-04-29T12:11:35.613Z] [unzip] Processing entry: client/favicon-16x16.png
[debug] [2025-04-29T12:11:35.613Z] [unzip] else mkdir: /root/.cache/firebase/emulators/ui-v1.14.0/client
[debug] [2025-04-29T12:11:35.613Z] [unzip] Writing file: /root/.cache/firebase/emulators/ui-v1.14.0/client/favicon-16x16.png
[debug] [2025-04-29T12:11:35.614Z] [unzip] Entry: client/safari-pinned-tab.svg (compressed_size=1433 bytes, uncompressed_size=2611 bytes)
[debug] [2025-04-29T12:11:35.614Z] [unzip] Processing entry: client/safari-pinned-tab.svg
[debug] [2025-04-29T12:11:35.614Z] [unzip] else mkdir: /root/.cache/firebase/emulators/ui-v1.14.0/client
[debug] [2025-04-29T12:11:35.615Z] [unzip] deflating: /root/.cache/firebase/emulators/ui-v1.14.0/client/safari-pinned-tab.svg
[debug] [2025-04-29T12:11:35.619Z] [unzip] Entry: client/favicon.ico (compressed_size=2933 bytes, uncompressed_size=13294 bytes)
[debug] [2025-04-29T12:11:35.619Z] [unzip] Processing entry: client/favicon.ico
[debug] [2025-04-29T12:11:35.619Z] [unzip] else mkdir: /root/.cache/firebase/emulators/ui-v1.14.0/client
[debug] [2025-04-29T12:11:35.619Z] [unzip] deflating: /root/.cache/firebase/emulators/ui-v1.14.0/client/favicon.ico
[debug] [2025-04-29T12:11:35.621Z] [unzip] Entry: client/index.html (compressed_size=1363 bytes, uncompressed_size=3071 bytes)
[debug] [2025-04-29T12:11:35.621Z] [unzip] Processing entry: client/index.html
[debug] [2025-04-29T12:11:35.621Z] [unzip] else mkdir: /root/.cache/firebase/emulators/ui-v1.14.0/client
[debug] [2025-04-29T12:11:35.621Z] [unzip] deflating: /root/.cache/firebase/emulators/ui-v1.14.0/client/index.html
[debug] [2025-04-29T12:11:35.623Z] [unzip] Entry: client/android-chrome-192x192.png (compressed_size=2684 bytes, uncompressed_size=2684 bytes)
[debug] [2025-04-29T12:11:35.623Z] [unzip] Processing entry: client/android-chrome-192x192.png
[debug] [2025-04-29T12:11:35.623Z] [unzip] else mkdir: /root/.cache/firebase/emulators/ui-v1.14.0/client
[debug] [2025-04-29T12:11:35.623Z] [unzip] Writing file: /root/.cache/firebase/emulators/ui-v1.14.0/client/android-chrome-192x192.png
[debug] [2025-04-29T12:11:35.623Z] [unzip] Entry: client/apple-touch-icon.png (compressed_size=2123 bytes, uncompressed_size=2152 bytes)
[debug] [2025-04-29T12:11:35.623Z] [unzip] Processing entry: client/apple-touch-icon.png
[debug] [2025-04-29T12:11:35.624Z] [unzip] else mkdir: /root/.cache/firebase/emulators/ui-v1.14.0/client
[debug] [2025-04-29T12:11:35.624Z] [unzip] deflating: /root/.cache/firebase/emulators/ui-v1.14.0/client/apple-touch-icon.png
[debug] [2025-04-29T12:11:35.625Z] [unzip] Entry: client/android-chrome-512x512.png (compressed_size=5369 bytes, uncompressed_size=5411 bytes)
[debug] [2025-04-29T12:11:35.625Z] [unzip] Processing entry: client/android-chrome-512x512.png
[debug] [2025-04-29T12:11:35.625Z] [unzip] else mkdir: /root/.cache/firebase/emulators/ui-v1.14.0/client
[debug] [2025-04-29T12:11:35.625Z] [unzip] deflating: /root/.cache/firebase/emulators/ui-v1.14.0/client/android-chrome-512x512.png
[debug] [2025-04-29T12:11:35.626Z] [unzip] Entry: client/manifest.json (compressed_size=245 bytes, uncompressed_size=551 bytes)
[debug] [2025-04-29T12:11:35.626Z] [unzip] Processing entry: client/manifest.json
[debug] [2025-04-29T12:11:35.626Z] [unzip] else mkdir: /root/.cache/firebase/emulators/ui-v1.14.0/client
[debug] [2025-04-29T12:11:35.626Z] [unzip] deflating: /root/.cache/firebase/emulators/ui-v1.14.0/client/manifest.json
[debug] [2025-04-29T12:11:35.627Z] [unzip] Entry: client/robots.txt (compressed_size=26 bytes, uncompressed_size=26 bytes)
[debug] [2025-04-29T12:11:35.627Z] [unzip] Processing entry: client/robots.txt
[debug] [2025-04-29T12:11:35.627Z] [unzip] else mkdir: /root/.cache/firebase/emulators/ui-v1.14.0/client
[debug] [2025-04-29T12:11:35.627Z] [unzip] Writing file: /root/.cache/firebase/emulators/ui-v1.14.0/client/robots.txt
[debug] [2025-04-29T12:11:35.628Z] [unzip] Entry: client/mstile-150x150.png (compressed_size=2034 bytes, uncompressed_size=2034 bytes)
[debug] [2025-04-29T12:11:35.628Z] [unzip] Processing entry: client/mstile-150x150.png
[debug] [2025-04-29T12:11:35.628Z] [unzip] else mkdir: /root/.cache/firebase/emulators/ui-v1.14.0/client
[debug] [2025-04-29T12:11:35.628Z] [unzip] Writing file: /root/.cache/firebase/emulators/ui-v1.14.0/client/mstile-150x150.png
[debug] [2025-04-29T12:11:35.628Z] [unzip] Entry: client/assets/ (compressed_size=0 bytes, uncompressed_size=0 bytes)
[debug] [2025-04-29T12:11:35.628Z] [unzip] Processing entry: client/assets/
[debug] [2025-04-29T12:11:35.628Z] [unzip] mkdir: /root/.cache/firebase/emulators/ui-v1.14.0/client/assets/
[debug] [2025-04-29T12:11:35.629Z] [unzip] Entry: client/assets/index-ClZTY_JS.js.map (compressed_size=2328270 bytes, uncompressed_size=9947004 bytes)
[debug] [2025-04-29T12:11:35.629Z] [unzip] Processing entry: client/assets/index-ClZTY_JS.js.map
[debug] [2025-04-29T12:11:35.629Z] [unzip] else mkdir: /root/.cache/firebase/emulators/ui-v1.14.0/client/assets
[debug] [2025-04-29T12:11:35.629Z] [unzip] deflating: /root/.cache/firebase/emulators/ui-v1.14.0/client/assets/index-ClZTY_JS.js.map
[debug] [2025-04-29T12:11:35.698Z] [unzip] Entry: client/assets/index-ClZTY_JS.js (compressed_size=567195 bytes, uncompressed_size=2035940 bytes)
[debug] [2025-04-29T12:11:35.698Z] [unzip] Processing entry: client/assets/index-ClZTY_JS.js
[debug] [2025-04-29T12:11:35.698Z] [unzip] else mkdir: /root/.cache/firebase/emulators/ui-v1.14.0/client/assets
[debug] [2025-04-29T12:11:35.698Z] [unzip] deflating: /root/.cache/firebase/emulators/ui-v1.14.0/client/assets/index-ClZTY_JS.js
[debug] [2025-04-29T12:11:35.715Z] [unzip] Entry: client/assets/index-BdgySamB.css (compressed_size=35979 bytes, uncompressed_size=298654 bytes)
[debug] [2025-04-29T12:11:35.715Z] [unzip] Processing entry: client/assets/index-BdgySamB.css
[debug] [2025-04-29T12:11:35.715Z] [unzip] else mkdir: /root/.cache/firebase/emulators/ui-v1.14.0/client/assets
[debug] [2025-04-29T12:11:35.715Z] [unzip] deflating: /root/.cache/firebase/emulators/ui-v1.14.0/client/assets/index-BdgySamB.css
[debug] [2025-04-29T12:11:35.721Z] [unzip] Entry: client/assets/extensions/ (compressed_size=0 bytes, uncompressed_size=0 bytes)
[debug] [2025-04-29T12:11:35.721Z] [unzip] Processing entry: client/assets/extensions/
[debug] [2025-04-29T12:11:35.721Z] [unzip] mkdir: /root/.cache/firebase/emulators/ui-v1.14.0/client/assets/extensions/
[debug] [2025-04-29T12:11:35.721Z] [unzip] Entry: client/assets/extensions/default-extension.png (compressed_size=1646 bytes, uncompressed_size=1657 bytes)
[debug] [2025-04-29T12:11:35.721Z] [unzip] Processing entry: client/assets/extensions/default-extension.png
[debug] [2025-04-29T12:11:35.721Z] [unzip] else mkdir: /root/.cache/firebase/emulators/ui-v1.14.0/client/assets/extensions
[debug] [2025-04-29T12:11:35.721Z] [unzip] deflating: /root/.cache/firebase/emulators/ui-v1.14.0/client/assets/extensions/default-extension.png
[debug] [2025-04-29T12:11:35.722Z] [unzip] Entry: client/assets/img/ (compressed_size=0 bytes, uncompressed_size=0 bytes)
[debug] [2025-04-29T12:11:35.722Z] [unzip] Processing entry: client/assets/img/
[debug] [2025-04-29T12:11:35.722Z] [unzip] mkdir: /root/.cache/firebase/emulators/ui-v1.14.0/client/assets/img/
[debug] [2025-04-29T12:11:35.722Z] [unzip] Entry: client/assets/img/database.png (compressed_size=29449 bytes, uncompressed_size=29988 bytes)
[debug] [2025-04-29T12:11:35.722Z] [unzip] Processing entry: client/assets/img/database.png
[debug] [2025-04-29T12:11:35.722Z] [unzip] else mkdir: /root/.cache/firebase/emulators/ui-v1.14.0/client/assets/img
[debug] [2025-04-29T12:11:35.722Z] [unzip] deflating: /root/.cache/firebase/emulators/ui-v1.14.0/client/assets/img/database.png
[debug] [2025-04-29T12:11:35.723Z] [unzip] Entry: client/assets/provider-icons/ (compressed_size=0 bytes, uncompressed_size=0 bytes)
[debug] [2025-04-29T12:11:35.723Z] [unzip] Processing entry: client/assets/provider-icons/
[debug] [2025-04-29T12:11:35.723Z] [unzip] mkdir: /root/.cache/firebase/emulators/ui-v1.14.0/client/assets/provider-icons/
[debug] [2025-04-29T12:11:35.723Z] [unzip] Entry: client/assets/provider-icons/auth_service_saml.svg (compressed_size=575 bytes, uncompressed_size=1226 bytes)
[debug] [2025-04-29T12:11:35.724Z] [unzip] Processing entry: client/assets/provider-icons/auth_service_saml.svg
[debug] [2025-04-29T12:11:35.724Z] [unzip] else mkdir: /root/.cache/firebase/emulators/ui-v1.14.0/client/assets/provider-icons
[debug] [2025-04-29T12:11:35.724Z] [unzip] deflating: /root/.cache/firebase/emulators/ui-v1.14.0/client/assets/provider-icons/auth_service_saml.svg
[debug] [2025-04-29T12:11:35.724Z] [unzip] Entry: client/assets/provider-icons/auth_service_phone.svg (compressed_size=261 bytes, uncompressed_size=414 bytes)
[debug] [2025-04-29T12:11:35.724Z] [unzip] Processing entry: client/assets/provider-icons/auth_service_phone.svg
[debug] [2025-04-29T12:11:35.724Z] [unzip] else mkdir: /root/.cache/firebase/emulators/ui-v1.14.0/client/assets/provider-icons
[debug] [2025-04-29T12:11:35.725Z] [unzip] deflating: /root/.cache/firebase/emulators/ui-v1.14.0/client/assets/provider-icons/auth_service_phone.svg
[debug] [2025-04-29T12:11:35.725Z] [unzip] Entry: client/assets/provider-icons/auth_service_facebook.svg (compressed_size=289 bytes, uncompressed_size=457 bytes)
[debug] [2025-04-29T12:11:35.725Z] [unzip] Processing entry: client/assets/provider-icons/auth_service_facebook.svg
[debug] [2025-04-29T12:11:35.725Z] [unzip] else mkdir: /root/.cache/firebase/emulators/ui-v1.14.0/client/assets/provider-icons
[debug] [2025-04-29T12:11:35.725Z] [unzip] deflating: /root/.cache/firebase/emulators/ui-v1.14.0/client/assets/provider-icons/auth_service_facebook.svg
[debug] [2025-04-29T12:11:35.726Z] [unzip] Entry: client/assets/provider-icons/auth_service_game_center.svg (compressed_size=991 bytes, uncompressed_size=3921 bytes)
[debug] [2025-04-29T12:11:35.726Z] [unzip] Processing entry: client/assets/provider-icons/auth_service_game_center.svg
[debug] [2025-04-29T12:11:35.726Z] [unzip] else mkdir: /root/.cache/firebase/emulators/ui-v1.14.0/client/assets/provider-icons
[debug] [2025-04-29T12:11:35.726Z] [unzip] deflating: /root/.cache/firebase/emulators/ui-v1.14.0/client/assets/provider-icons/auth_service_game_center.svg
[debug] [2025-04-29T12:11:35.727Z] [unzip] Entry: client/assets/provider-icons/auth_service_apple.svg (compressed_size=230 bytes, uncompressed_size=334 bytes)
[debug] [2025-04-29T12:11:35.727Z] [unzip] Processing entry: client/assets/provider-icons/auth_service_apple.svg
[debug] [2025-04-29T12:11:35.727Z] [unzip] else mkdir: /root/.cache/firebase/emulators/ui-v1.14.0/client/assets/provider-icons
[debug] [2025-04-29T12:11:35.727Z] [unzip] deflating: /root/.cache/firebase/emulators/ui-v1.14.0/client/assets/provider-icons/auth_service_apple.svg
[debug] [2025-04-29T12:11:35.727Z] [unzip] Entry: client/assets/provider-icons/auth_service_github.svg (compressed_size=466 bytes, uncompressed_size=838 bytes)
[debug] [2025-04-29T12:11:35.728Z] [unzip] Processing entry: client/assets/provider-icons/auth_service_github.svg
[debug] [2025-04-29T12:11:35.728Z] [unzip] else mkdir: /root/.cache/firebase/emulators/ui-v1.14.0/client/assets/provider-icons
[debug] [2025-04-29T12:11:35.728Z] [unzip] deflating: /root/.cache/firebase/emulators/ui-v1.14.0/client/assets/provider-icons/auth_service_github.svg
[debug] [2025-04-29T12:11:35.728Z] [unzip] Entry: client/assets/provider-icons/auth_service_mslive.svg (compressed_size=203 bytes, uncompressed_size=378 bytes)
[debug] [2025-04-29T12:11:35.728Z] [unzip] Processing entry: client/assets/provider-icons/auth_service_mslive.svg
[debug] [2025-04-29T12:11:35.728Z] [unzip] else mkdir: /root/.cache/firebase/emulators/ui-v1.14.0/client/assets/provider-icons
[debug] [2025-04-29T12:11:35.728Z] [unzip] deflating: /root/.cache/firebase/emulators/ui-v1.14.0/client/assets/provider-icons/auth_service_mslive.svg
[debug] [2025-04-29T12:11:35.729Z] [unzip] Entry: client/assets/provider-icons/auth_service_yahoo.svg (compressed_size=577 bytes, uncompressed_size=1182 bytes)
[debug] [2025-04-29T12:11:35.729Z] [unzip] Processing entry: client/assets/provider-icons/auth_service_yahoo.svg
[debug] [2025-04-29T12:11:35.729Z] [unzip] else mkdir: /root/.cache/firebase/emulators/ui-v1.14.0/client/assets/provider-icons
[debug] [2025-04-29T12:11:35.729Z] [unzip] deflating: /root/.cache/firebase/emulators/ui-v1.14.0/client/assets/provider-icons/auth_service_yahoo.svg
[debug] [2025-04-29T12:11:35.730Z] [unzip] Entry: client/assets/provider-icons/auth_service_twitter.svg (compressed_size=444 bytes, uncompressed_size=751 bytes)
[debug] [2025-04-29T12:11:35.730Z] [unzip] Processing entry: client/assets/provider-icons/auth_service_twitter.svg
[debug] [2025-04-29T12:11:35.730Z] [unzip] else mkdir: /root/.cache/firebase/emulators/ui-v1.14.0/client/assets/provider-icons
[debug] [2025-04-29T12:11:35.730Z] [unzip] deflating: /root/.cache/firebase/emulators/ui-v1.14.0/client/assets/provider-icons/auth_service_twitter.svg
[debug] [2025-04-29T12:11:35.730Z] [unzip] Entry: client/assets/provider-icons/auth_service_play_games.svg (compressed_size=565 bytes, uncompressed_size=1173 bytes)
[debug] [2025-04-29T12:11:35.730Z] [unzip] Processing entry: client/assets/provider-icons/auth_service_play_games.svg
[debug] [2025-04-29T12:11:35.730Z] [unzip] else mkdir: /root/.cache/firebase/emulators/ui-v1.14.0/client/assets/provider-icons
[debug] [2025-04-29T12:11:35.731Z] [unzip] deflating: /root/.cache/firebase/emulators/ui-v1.14.0/client/assets/provider-icons/auth_service_play_games.svg
[debug] [2025-04-29T12:11:35.731Z] [unzip] Entry: client/assets/provider-icons/auth_service_email.svg (compressed_size=228 bytes, uncompressed_size=326 bytes)
[debug] [2025-04-29T12:11:35.731Z] [unzip] Processing entry: client/assets/provider-icons/auth_service_email.svg
[debug] [2025-04-29T12:11:35.731Z] [unzip] else mkdir: /root/.cache/firebase/emulators/ui-v1.14.0/client/assets/provider-icons
[debug] [2025-04-29T12:11:35.731Z] [unzip] deflating: /root/.cache/firebase/emulators/ui-v1.14.0/client/assets/provider-icons/auth_service_email.svg
[debug] [2025-04-29T12:11:35.732Z] [unzip] Entry: client/assets/provider-icons/auth_service_google.svg (compressed_size=409 bytes, uncompressed_size=720 bytes)
[debug] [2025-04-29T12:11:35.732Z] [unzip] Processing entry: client/assets/provider-icons/auth_service_google.svg
[debug] [2025-04-29T12:11:35.732Z] [unzip] else mkdir: /root/.cache/firebase/emulators/ui-v1.14.0/client/assets/provider-icons
[debug] [2025-04-29T12:11:35.732Z] [unzip] deflating: /root/.cache/firebase/emulators/ui-v1.14.0/client/assets/provider-icons/auth_service_google.svg
[debug] [2025-04-29T12:11:35.733Z] [unzip] Entry: client/assets/provider-icons/auth_service_oidc.svg (compressed_size=414 bytes, uncompressed_size=858 bytes)
[debug] [2025-04-29T12:11:35.733Z] [unzip] Processing entry: client/assets/provider-icons/auth_service_oidc.svg
[debug] [2025-04-29T12:11:35.733Z] [unzip] else mkdir: /root/.cache/firebase/emulators/ui-v1.14.0/client/assets/provider-icons
[debug] [2025-04-29T12:11:35.733Z] [unzip] deflating: /root/.cache/firebase/emulators/ui-v1.14.0/client/assets/provider-icons/auth_service_oidc.svg
[debug] [2025-04-29T12:11:35.733Z] [unzip] Entry: client/browserconfig.xml (compressed_size=491 bytes, uncompressed_size=822 bytes)
[debug] [2025-04-29T12:11:35.733Z] [unzip] Processing entry: client/browserconfig.xml
[debug] [2025-04-29T12:11:35.733Z] [unzip] else mkdir: /root/.cache/firebase/emulators/ui-v1.14.0/client
[debug] [2025-04-29T12:11:35.734Z] [unzip] deflating: /root/.cache/firebase/emulators/ui-v1.14.0/client/browserconfig.xml
[debug] [2025-04-29T12:11:35.734Z] [unzip] Entry: client/favicon-32x32.png (compressed_size=475 bytes, uncompressed_size=475 bytes)
[debug] [2025-04-29T12:11:35.734Z] [unzip] Processing entry: client/favicon-32x32.png
[debug] [2025-04-29T12:11:35.734Z] [unzip] else mkdir: /root/.cache/firebase/emulators/ui-v1.14.0/client
[debug] [2025-04-29T12:11:35.734Z] [unzip] Writing file: /root/.cache/firebase/emulators/ui-v1.14.0/client/favicon-32x32.png
[debug] [2025-04-29T12:11:35.735Z] [unzip] Entry: server/ (compressed_size=0 bytes, uncompressed_size=0 bytes)
[debug] [2025-04-29T12:11:35.735Z] [unzip] Processing entry: server/
[debug] [2025-04-29T12:11:35.735Z] [unzip] mkdir: /root/.cache/firebase/emulators/ui-v1.14.0/server/
[debug] [2025-04-29T12:11:35.735Z] [unzip] Entry: server/server.mjs.map (compressed_size=296496 bytes, uncompressed_size=1355667 bytes)
[debug] [2025-04-29T12:11:35.735Z] [unzip] Processing entry: server/server.mjs.map
[debug] [2025-04-29T12:11:35.735Z] [unzip] else mkdir: /root/.cache/firebase/emulators/ui-v1.14.0/server
[debug] [2025-04-29T12:11:35.735Z] [unzip] deflating: /root/.cache/firebase/emulators/ui-v1.14.0/server/server.mjs.map
[debug] [2025-04-29T12:11:35.743Z] [unzip] Entry: server/server.mjs (compressed_size=315701 bytes, uncompressed_size=1172682 bytes)
[debug] [2025-04-29T12:11:35.743Z] [unzip] Processing entry: server/server.mjs
[debug] [2025-04-29T12:11:35.743Z] [unzip] else mkdir: /root/.cache/firebase/emulators/ui-v1.14.0/server
[debug] [2025-04-29T12:11:35.743Z] [unzip] deflating: /root/.cache/firebase/emulators/ui-v1.14.0/server/server.mjs
[debug] [2025-04-29T12:11:35.751Z] [unzip] Entry: server/assets/ (compressed_size=0 bytes, uncompressed_size=0 bytes)
[debug] [2025-04-29T12:11:35.751Z] [unzip] Processing entry: server/assets/
[debug] [2025-04-29T12:11:35.751Z] [unzip] mkdir: /root/.cache/firebase/emulators/ui-v1.14.0/server/assets/
[debug] [2025-04-29T12:11:35.751Z] [unzip] Entry: server/assets/multipart-parser-DGCUZdXu.mjs.map (compressed_size=4791 bytes, uncompressed_size=17918 bytes)
[debug] [2025-04-29T12:11:35.751Z] [unzip] Processing entry: server/assets/multipart-parser-DGCUZdXu.mjs.map
[debug] [2025-04-29T12:11:35.751Z] [unzip] else mkdir: /root/.cache/firebase/emulators/ui-v1.14.0/server/assets
[debug] [2025-04-29T12:11:35.751Z] [unzip] deflating: /root/.cache/firebase/emulators/ui-v1.14.0/server/assets/multipart-parser-DGCUZdXu.mjs.map
[debug] [2025-04-29T12:11:35.752Z] [unzip] Entry: server/assets/multipart-parser-DGCUZdXu.mjs (compressed_size=2621 bytes, uncompressed_size=10390 bytes)
[debug] [2025-04-29T12:11:35.752Z] [unzip] Processing entry: server/assets/multipart-parser-DGCUZdXu.mjs
[debug] [2025-04-29T12:11:35.752Z] [unzip] else mkdir: /root/.cache/firebase/emulators/ui-v1.14.0/server/assets
[debug] [2025-04-29T12:11:35.752Z] [unzip] deflating: /root/.cache/firebase/emulators/ui-v1.14.0/server/assets/multipart-parser-DGCUZdXu.mjs
[debug] [2025-04-29T12:11:35.756Z] Could not find VSCode notification endpoint: FetchError: request to http://localhost:40001/vscode/notify failed, reason: connect ECONNREFUSED 127.0.0.1:40001. If you are not running the Firebase Data Connect VSCode extension, this is expected and not an issue.
[info] 
┌─────────────────────────────────────────────────────────────┐
│ ✔  All emulators ready! It is now safe to connect your app. │
│ i  View Emulator UI at http://127.0.0.1:4000/               │
└─────────────────────────────────────────────────────────────┘

┌────────────────┬──────────────┬────────────────────────────┐
│ Emulator       │ Host:Port    │ View in Emulator UI        │
├────────────────┼──────────────┼────────────────────────────┤
│ Authentication │ 0.0.0.0:9099 │ http://127.0.0.1:4000/auth │
└────────────────┴──────────────┴────────────────────────────┘
  Emulator Hub host: 127.0.0.1 port: 4400
  Other reserved ports: 4500

Issues? Report them at https://github.com/firebase/firebase-tools/issues and attach the *-debug.log files.
 
